{"total": {"lines":{"total":26,"covered":26,"skipped":0,"pct":100},"statements":{"total":28,"covered":28,"skipped":0,"pct":100},"functions":{"total":14,"covered":14,"skipped":0,"pct":100},"branches":{"total":4,"covered":4,"skipped":0,"pct":100},"branchesTrue":{"total":0,"covered":0,"skipped":0,"pct":"Unknown"}}
,"M:/Documentos/DESIGN/Cursos-Alura/JAVASCRIPT/BACK-END/rvisao/Blog-Tryber/src/api/services/CommentService.ts": {"lines":{"total":13,"covered":13,"skipped":0,"pct":100},"functions":{"total":7,"covered":7,"skipped":0,"pct":100},"statements":{"total":14,"covered":14,"skipped":0,"pct":100},"branches":{"total":2,"covered":2,"skipped":0,"pct":100}}
,"M:/Documentos/DESIGN/Cursos-Alura/JAVASCRIPT/BACK-END/rvisao/Blog-Tryber/src/api/services/PostService.ts": {"lines":{"total":13,"covered":13,"skipped":0,"pct":100},"functions":{"total":7,"covered":7,"skipped":0,"pct":100},"statements":{"total":14,"covered":14,"skipped":0,"pct":100},"branches":{"total":2,"covered":2,"skipped":0,"pct":100}}
}
