TN:
SF:src\api\services\CommentService.ts
FN:6,(anonymous_8)
FN:9,(anonymous_9)
FN:13,(anonymous_11)
FN:17,(anonymous_13)
FN:22,(anonymous_15)
FN:27,(anonymous_17)
FN:32,(anonymous_19)
FNF:7
FNH:7
FNDA:7,(anonymous_8)
FNDA:1,(anonymous_9)
FNDA:1,(anonymous_11)
FNDA:2,(anonymous_13)
FNDA:2,(anonymous_15)
FNDA:2,(anonymous_17)
FNDA:4,(anonymous_19)
DA:2,1
DA:6,1
DA:7,7
DA:10,1
DA:14,1
DA:18,2
DA:19,2
DA:23,2
DA:24,2
DA:28,2
DA:29,1
DA:33,4
DA:34,4
LF:13
LH:13
BRDA:34,0,0,1
BRDA:34,0,1,3
BRF:2
BRH:2
end_of_record
TN:
SF:src\api\services\PostService.ts
FN:6,(anonymous_8)
FN:9,(anonymous_9)
FN:13,(anonymous_11)
FN:17,(anonymous_13)
FN:22,(anonymous_15)
FN:27,(anonymous_17)
FN:32,(anonymous_19)
FNF:7
FNH:7
FNDA:7,(anonymous_8)
FNDA:1,(anonymous_9)
FNDA:1,(anonymous_11)
FNDA:2,(anonymous_13)
FNDA:2,(anonymous_15)
FNDA:2,(anonymous_17)
FNDA:4,(anonymous_19)
DA:2,1
DA:6,1
DA:7,7
DA:10,1
DA:14,1
DA:18,2
DA:19,2
DA:23,2
DA:24,2
DA:28,2
DA:29,1
DA:33,4
DA:34,4
LF:13
LH:13
BRDA:34,0,0,1
BRDA:34,0,1,3
BRF:2
BRH:2
end_of_record
